2020-01-13 19:30:47 DEBUG XmlToXMLTransformation:35  - Initiating Transformation...
2020-01-13 19:30:48 DEBUG XmlToXMLTransformation:42  - Transformation Success...
2020-01-14 10:36:58 DEBUG XmlToXMLTransformation:35  - Initiating Transformation...
2020-01-14 10:36:58 ERROR XmlToXMLTransformation:45  - Not Transformed because : Namespace prefix 'SOAP-ENV' is undeclared.
2020-01-14 10:38:24 DEBUG XmlToXMLTransformation:35  - Initiating Transformation...
2020-01-14 10:38:24 DEBUG XmlToXMLTransformation:42  - Transformation Success...
2020-01-14 10:39:52 DEBUG XmlToXMLTransformation:35  - Initiating Transformation...
2020-01-14 10:39:52 DEBUG XmlToXMLTransformation:42  - Transformation Success...
2020-01-14 10:43:52 DEBUG XmlToXMLTransformation:35  - Initiating Transformation...
2020-01-14 10:43:52 DEBUG XmlToXMLTransformation:42  - Transformation Success...
2020-01-14 10:44:51 DEBUG XmlToXMLTransformation:35  - Initiating Transformation...
2020-01-14 10:44:51 DEBUG XmlToXMLTransformation:42  - Transformation Success...
2020-01-14 10:48:57 DEBUG XmlToXMLTransformation:35  - Initiating Transformation...
2020-01-14 10:48:58 DEBUG XmlToXMLTransformation:42  - Transformation Success...
2020-01-14 10:50:36 DEBUG XmlToXMLTransformation:35  - Initiating Transformation...
2020-01-14 10:50:36 DEBUG XmlToXMLTransformation:42  - Transformation Success...
2020-01-14 10:55:27 DEBUG XmlToXMLTransformation:35  - Initiating Transformation...
2020-01-14 10:55:27 DEBUG XmlToXMLTransformation:42  - Transformation Success...
2020-01-14 10:57:23 DEBUG XmlToXMLTransformation:35  - Initiating Transformation...
2020-01-14 10:57:23 DEBUG XmlToXMLTransformation:42  - Transformation Success...
2020-01-14 11:04:14 DEBUG XmlToXMLTransformation:35  - Initiating Transformation...
2020-01-14 11:04:15 DEBUG XmlToXMLTransformation:42  - Transformation Success...
2020-01-14 11:07:29 DEBUG XmlToXMLTransformation:35  - Initiating Transformation...
2020-01-14 11:07:30 DEBUG XmlToXMLTransformation:42  - Transformation Success...
2020-01-14 11:14:24 DEBUG XmlToXMLTransformation:35  - Initiating Transformation...
2020-01-14 11:14:25 DEBUG XmlToXMLTransformation:42  - Transformation Success...
2020-01-14 11:28:06 DEBUG XmlToXMLTransformation:35  - Initiating Transformation...
2020-01-14 11:28:06 DEBUG XmlToXMLTransformation:42  - Transformation Success...
2020-01-14 14:40:02 DEBUG XmlToXMLTransformation:35  - Initiating Transformation...
2020-01-14 14:40:03 DEBUG XmlToXMLTransformation:42  - Transformation Success...
2020-01-14 14:41:03 DEBUG XmlToXMLTransformation:35  - Initiating Transformation...
2020-01-14 14:41:04 DEBUG XmlToXMLTransformation:42  - Transformation Success...
2020-01-14 14:42:43 DEBUG XmlToXMLTransformation:35  - Initiating Transformation...
2020-01-14 14:42:43 DEBUG XmlToXMLTransformation:42  - Transformation Success...
2020-01-14 14:46:56 DEBUG XmlToXMLTransformation:35  - Initiating Transformation...
2020-01-14 14:46:57 DEBUG XmlToXMLTransformation:42  - Transformation Success...
2020-01-14 14:49:02 DEBUG XmlToXMLTransformation:35  - Initiating Transformation...
2020-01-14 14:49:02 ERROR XmlToXMLTransformation:45  - Not Transformed because : file:/G:/EclipseIDE/JAVA_RW/XSLforXMLexercise/target/classes/XmlResponse3.xsl: line 11: Attempting to use non-existing attribute set 'BBB'.
2020-01-14 14:51:59 DEBUG XmlToXMLTransformation:35  - Initiating Transformation...
2020-01-14 14:52:00 DEBUG XmlToXMLTransformation:42  - Transformation Success...
2020-01-14 14:52:58 DEBUG XmlToXMLTransformation:35  - Initiating Transformation...
2020-01-14 14:52:58 DEBUG XmlToXMLTransformation:42  - Transformation Success...
2020-01-14 14:57:19 DEBUG XmlToXMLTransformation:35  - Initiating Transformation...
2020-01-14 14:57:19 DEBUG XmlToXMLTransformation:42  - Transformation Success...
2020-01-14 15:02:23 DEBUG XmlToXMLTransformation:35  - Initiating Transformation...
2020-01-14 15:02:24 DEBUG XmlToXMLTransformation:42  - Transformation Success...
2020-01-14 15:03:40 DEBUG XmlToXMLTransformation:35  - Initiating Transformation...
2020-01-14 15:03:40 DEBUG XmlToXMLTransformation:42  - Transformation Success...
2020-01-14 15:27:14 DEBUG XmlToXMLTransformation:35  - Initiating Transformation...
2020-01-14 15:27:14 DEBUG XmlToXMLTransformation:42  - Transformation Success...
2020-01-14 15:32:43 DEBUG XmlToXMLTransformation:35  - Initiating Transformation...
2020-01-14 15:32:43 DEBUG XmlToXMLTransformation:42  - Transformation Success...
2020-01-14 15:34:06 DEBUG XmlToXMLTransformation:35  - Initiating Transformation...
2020-01-14 15:34:06 DEBUG XmlToXMLTransformation:42  - Transformation Success...
2020-01-14 15:34:58 DEBUG XmlToXMLTransformation:35  - Initiating Transformation...
2020-01-14 15:34:58 DEBUG XmlToXMLTransformation:42  - Transformation Success...
2020-01-14 15:36:44 DEBUG XmlToXMLTransformation:35  - Initiating Transformation...
2020-01-14 15:36:45 DEBUG XmlToXMLTransformation:42  - Transformation Success...
2020-01-14 15:37:44 DEBUG XmlToXMLTransformation:35  - Initiating Transformation...
2020-01-14 15:37:44 ERROR XmlToXMLTransformation:45  - Not Transformed because : java.lang.RuntimeException: An attribute whose value must be a QName had the value 'key:'
2020-01-14 15:38:25 DEBUG XmlToXMLTransformation:35  - Initiating Transformation...
2020-01-14 15:38:25 DEBUG XmlToXMLTransformation:42  - Transformation Success...
2020-01-14 15:40:27 DEBUG XmlToXMLTransformation:35  - Initiating Transformation...
2020-01-14 15:40:27 DEBUG XmlToXMLTransformation:42  - Transformation Success...
2020-01-14 15:48:56 DEBUG XmlToXMLTransformation:35  - Initiating Transformation...
2020-01-14 15:48:56 DEBUG XmlToXMLTransformation:42  - Transformation Success...
2020-01-14 15:51:04 DEBUG XmlToXMLTransformation:35  - Initiating Transformation...
2020-01-14 15:51:04 DEBUG XmlToXMLTransformation:42  - Transformation Success...
2020-01-14 15:53:53 DEBUG XmlToXMLTransformation:35  - Initiating Transformation...
2020-01-14 15:53:53 DEBUG XmlToXMLTransformation:42  - Transformation Success...
2020-01-14 15:57:32 DEBUG XmlToXMLTransformation:35  - Initiating Transformation...
2020-01-14 15:57:33 DEBUG XmlToXMLTransformation:42  - Transformation Success...
2020-01-14 15:58:58 DEBUG XmlToXMLTransformation:35  - Initiating Transformation...
2020-01-14 15:58:59 DEBUG XmlToXMLTransformation:42  - Transformation Success...
2020-01-14 15:59:18 DEBUG XmlToXMLTransformation:35  - Initiating Transformation...
2020-01-14 15:59:19 DEBUG XmlToXMLTransformation:42  - Transformation Success...
2020-01-14 16:02:11 DEBUG XmlToXMLTransformation:35  - Initiating Transformation...
2020-01-14 16:02:11 DEBUG XmlToXMLTransformation:42  - Transformation Success...
2020-01-14 16:02:36 DEBUG XmlToXMLTransformation:35  - Initiating Transformation...
2020-01-14 16:02:37 DEBUG XmlToXMLTransformation:42  - Transformation Success...
2020-01-14 16:05:52 DEBUG XmlToXMLTransformation:35  - Initiating Transformation...
2020-01-14 16:05:52 DEBUG XmlToXMLTransformation:42  - Transformation Success...
2020-01-14 16:06:18 DEBUG XmlToXMLTransformation:35  - Initiating Transformation...
2020-01-14 16:06:19 DEBUG XmlToXMLTransformation:42  - Transformation Success...
2020-01-14 16:08:08 DEBUG XmlToXMLTransformation:35  - Initiating Transformation...
2020-01-14 16:08:08 DEBUG XmlToXMLTransformation:42  - Transformation Success...
2020-01-14 16:09:14 DEBUG XmlToXMLTransformation:35  - Initiating Transformation...
2020-01-14 16:09:14 DEBUG XmlToXMLTransformation:42  - Transformation Success...
2020-01-14 16:13:37 DEBUG XmlToXMLTransformation:35  - Initiating Transformation...
2020-01-14 16:13:37 DEBUG XmlToXMLTransformation:42  - Transformation Success...
2020-01-14 16:14:38 DEBUG XmlToXMLTransformation:35  - Initiating Transformation...
2020-01-14 16:14:38 DEBUG XmlToXMLTransformation:42  - Transformation Success...
2020-01-14 16:15:13 DEBUG XmlToXMLTransformation:35  - Initiating Transformation...
2020-01-14 16:15:13 DEBUG XmlToXMLTransformation:42  - Transformation Success...
2020-01-14 16:15:59 DEBUG XmlToXMLTransformation:35  - Initiating Transformation...
2020-01-14 16:15:59 ERROR XmlToXMLTransformation:45  - Not Transformed because : java.lang.RuntimeException: An attribute whose value must be a QName had the value 'key:'
2020-01-14 16:16:58 DEBUG XmlToXMLTransformation:35  - Initiating Transformation...
2020-01-14 16:16:58 DEBUG XmlToXMLTransformation:42  - Transformation Success...
2020-01-14 16:18:39 DEBUG XmlToXMLTransformation:35  - Initiating Transformation...
2020-01-14 16:18:39 DEBUG XmlToXMLTransformation:42  - Transformation Success...
2020-01-14 16:19:38 DEBUG XmlToXMLTransformation:35  - Initiating Transformation...
2020-01-14 16:19:39 DEBUG XmlToXMLTransformation:42  - Transformation Success...
2020-01-14 16:21:07 DEBUG XmlToXMLTransformation:35  - Initiating Transformation...
2020-01-14 16:21:07 DEBUG XmlToXMLTransformation:42  - Transformation Success...
2020-01-14 16:22:31 DEBUG XmlToXMLTransformation:35  - Initiating Transformation...
2020-01-14 16:22:31 ERROR XmlToXMLTransformation:45  - Not Transformed because : java.lang.RuntimeException: Namespace for prefix 'key' has not been declared.
2020-01-14 16:23:10 DEBUG XmlToXMLTransformation:35  - Initiating Transformation...
2020-01-14 16:23:11 DEBUG XmlToXMLTransformation:42  - Transformation Success...
2020-01-14 16:26:03 DEBUG XmlToXMLTransformation:35  - Initiating Transformation...
2020-01-14 16:26:37 DEBUG XmlToXMLTransformation:35  - Initiating Transformation...
2020-01-14 16:27:05 DEBUG XmlToXMLTransformation:35  - Initiating Transformation...
2020-01-14 16:27:06 DEBUG XmlToXMLTransformation:42  - Transformation Success...
2020-01-14 16:28:12 DEBUG XmlToXMLTransformation:35  - Initiating Transformation...
2020-01-14 16:28:13 DEBUG XmlToXMLTransformation:42  - Transformation Success...
2020-01-14 16:30:06 DEBUG XmlToXMLTransformation:35  - Initiating Transformation...
2020-01-14 16:30:06 DEBUG XmlToXMLTransformation:42  - Transformation Success...
2020-01-14 16:40:34 DEBUG XmlToXMLTransformation:35  - Initiating Transformation...
2020-01-14 16:40:34 DEBUG XmlToXMLTransformation:42  - Transformation Success...
2020-01-14 16:42:07 DEBUG XmlToXMLTransformation:35  - Initiating Transformation...
2020-01-14 16:42:07 DEBUG XmlToXMLTransformation:42  - Transformation Success...
2020-01-14 16:42:46 DEBUG XmlToXMLTransformation:35  - Initiating Transformation...
2020-01-14 16:42:46 ERROR XmlToXMLTransformation:45  - Not Transformed because : The element type "xsl:template" must be terminated by the matching end-tag "</xsl:template>".
2020-01-14 16:43:18 DEBUG XmlToXMLTransformation:35  - Initiating Transformation...
2020-01-14 16:43:18 DEBUG XmlToXMLTransformation:42  - Transformation Success...
2020-01-14 16:44:58 DEBUG XmlToXMLTransformation:35  - Initiating Transformation...
2020-01-14 16:44:58 DEBUG XmlToXMLTransformation:42  - Transformation Success...
2020-01-14 18:44:03 DEBUG XmlToXMLTransformation:35  - Initiating Transformation...
2020-01-14 18:44:03 DEBUG XmlToXMLTransformation:42  - Transformation Success...
2020-01-14 18:50:55 DEBUG XmlToXMLTransformation:35  - Initiating Transformation...
2020-01-14 18:50:56 DEBUG XmlToXMLTransformation:42  - Transformation Success...
2020-01-14 18:54:14 DEBUG XmlToXMLTransformation:35  - Initiating Transformation...
2020-01-14 18:54:14 DEBUG XmlToXMLTransformation:42  - Transformation Success...
2020-01-14 18:58:15 DEBUG XmlToXMLTransformation:35  - Initiating Transformation...
2020-01-14 18:58:15 DEBUG XmlToXMLTransformation:42  - Transformation Success...
2020-01-14 19:03:19 DEBUG XmlToXMLTransformation:35  - Initiating Transformation...
2020-01-14 19:03:19 DEBUG XmlToXMLTransformation:42  - Transformation Success...
2020-01-14 19:06:23 DEBUG XmlToXMLTransformation:35  - Initiating Transformation...
2020-01-14 19:06:24 DEBUG XmlToXMLTransformation:42  - Transformation Success...
2020-01-14 19:14:26 DEBUG XmlToXMLTransformation:35  - Initiating Transformation...
2020-01-14 19:14:27 DEBUG XmlToXMLTransformation:42  - Transformation Success...
2020-01-15 10:05:54 DEBUG XmlToXMLTransformation:35  - Initiating Transformation...
2020-01-15 10:05:55 DEBUG XmlToXMLTransformation:42  - Transformation Success...
2020-01-15 10:06:49 DEBUG XmlToXMLTransformation:35  - Initiating Transformation...
2020-01-15 10:06:50 DEBUG XmlToXMLTransformation:42  - Transformation Success...
2020-01-15 10:07:33 DEBUG XmlToXMLTransformation:35  - Initiating Transformation...
2020-01-15 10:07:33 DEBUG XmlToXMLTransformation:42  - Transformation Success...
2020-01-15 10:11:02 DEBUG XmlToXMLTransformation:35  - Initiating Transformation...
2020-01-15 10:11:02 DEBUG XmlToXMLTransformation:42  - Transformation Success...
2020-01-15 10:12:06 DEBUG XmlToXMLTransformation:35  - Initiating Transformation...
2020-01-15 10:12:06 DEBUG XmlToXMLTransformation:42  - Transformation Success...
2020-01-15 10:19:15 DEBUG XmlToXMLTransformation:35  - Initiating Transformation...
2020-01-15 10:19:16 DEBUG XmlToXMLTransformation:42  - Transformation Success...
2020-01-15 10:19:52 DEBUG XmlToXMLTransformation:35  - Initiating Transformation...
2020-01-15 10:19:52 DEBUG XmlToXMLTransformation:42  - Transformation Success...
2020-01-15 10:26:05 DEBUG XmlToXMLTransformation:35  - Initiating Transformation...
2020-01-15 10:26:05 DEBUG XmlToXMLTransformation:42  - Transformation Success...
2020-01-15 10:30:17 DEBUG XmlToXMLTransformation:35  - Initiating Transformation...
2020-01-15 10:30:18 DEBUG XmlToXMLTransformation:42  - Transformation Success...
2020-01-15 11:06:40 DEBUG XmlToXMLTransformation:35  - Initiating Transformation...
2020-01-15 11:06:41 DEBUG XmlToXMLTransformation:42  - Transformation Success...
2020-01-15 11:14:55 DEBUG XmlToXMLTransformation:35  - Initiating Transformation...
2020-01-15 11:14:55 DEBUG XmlToXMLTransformation:42  - Transformation Success...
